<?xml version="1.0" encoding="UTF-8"?>
<!-- Generated by org.testng.reporters.JUnitReportReporter -->
<testsuite hostname="dhasa" failures="0" tests="1" name="com.saucedemo.testCases.TC_AddProductToCart_003" time="12.419" errors="0" timestamp="2022-05-01T20:33:01 IST" skipped="0">
  <testcase classname="com.saucedemo.testCases.TC_AddProductToCart_003" name="AddProductToCart" time="12.419"/>
  <system-out/>
</testsuite> <!-- com.saucedemo.testCases.TC_AddProductToCart_003 -->
