<?xml version="1.0" encoding="UTF-8"?>
<!-- Generated by org.testng.reporters.JUnitReportReporter -->
<testsuite hostname="dhasa" failures="0" tests="3" name="com.saucedemo.testCases.TC_Login_001" time="1.527" errors="0" timestamp="2022-05-01T20:33:01 IST" skipped="0">
  <testcase classname="com.saucedemo.testCases.TC_Login_001" name="loginTest" time="0.812"/>
  <system-out/>
  <testcase classname="com.saucedemo.testCases.TC_Login_001" name="loginTest" time="0.313"/>
  <system-out/>
  <testcase classname="com.saucedemo.testCases.TC_Login_001" name="loginTest" time="0.402"/>
  <system-out/>
</testsuite> <!-- com.saucedemo.testCases.TC_Login_001 -->
