<?xml version="1.0" encoding="UTF-8"?>
<!-- Generated by org.testng.reporters.JUnitReportReporter -->
<testsuite hostname="dhasa" failures="0" tests="1" name="com.saucedemo.testCases.TC_AddProductToCart_003" time="11.732" errors="0" timestamp="2022-05-01T18:56:37 IST" skipped="0">
  <testcase classname="com.saucedemo.testCases.TC_AddProductToCart_003" name="AddProductToCart" time="11.732"/>
  <system-out/>
</testsuite> <!-- com.saucedemo.testCases.TC_AddProductToCart_003 -->
